00:25:44 **** Incremental Build of configuration Debug for project Final_Project_MC2_Control_ECU ****
make all 
Building file: ../MC2_Test.c
Invoking: AVR Compiler
avr-gcc -Wall -g2 -gstabs -O0 -fpack-struct -fshort-enums -ffunction-sections -fdata-sections -std=gnu99 -funsigned-char -funsigned-bitfields -mmcu=atmega32 -DF_CPU=8000000UL -MMD -MP -MF"MC2_Test.d" -MT"MC2_Test.o" -c -o "MC2_Test.o" "../MC2_Test.c"
In file included from ../MC2_Test.c:14:
c:/winavr-20100110/lib/gcc/../../avr/include/util/delay.h:90:3: warning: #warning "Compiler optimizations disabled; functions from <util/delay.h> won't work as designed"
Finished building: ../MC2_Test.c
 
Building target: Final_Project_MC2_Control_ECU.elf
Invoking: AVR C Linker
avr-gcc -Wl,-Map,Final_Project_MC2_Control_ECU.map -mmcu=atmega32 -o "Final_Project_MC2_Control_ECU.elf"  ./Buzzer.o ./DC_motor.o ./MC2_Test.o ./Timer.o ./external_eeprom.o ./gpio.o ./twi.o ./uart.o   
Finished building target: Final_Project_MC2_Control_ECU.elf
 
Invoking: AVR Create Extended Listing
avr-objdump -h -S Final_Project_MC2_Control_ECU.elf  >"Final_Project_MC2_Control_ECU.lss"
Finished building: Final_Project_MC2_Control_ECU.lss
 
Invoking: Print Size
avr-size --format=avr --mcu=atmega32 Final_Project_MC2_Control_ECU.elf
AVR Memory Usage
----------------
Device: atmega32

Program:    9660 bytes (29.5% Full)
(.text + .data + .bootloader)

Data:         44 bytes (2.1% Full)
(.data + .bss + .noinit)


Finished building: sizedummy
 

00:25:47 Build Finished. 0 errors, 1 warnings. (took 2s.688ms)

